── R CMD build ─────────────────────────────────────────────────────────────────
* checking for file ‘.../DESCRIPTION’ ... OK
* preparing ‘MiscMetabar’:
* checking DESCRIPTION meta-information ... OK
* installing the package to build vignettes
* creating vignettes ... OK
* checking for LF line-endings in source and make files and shell scripts
* checking for empty or unneeded directories
Removed empty directory ‘MiscMetabar/Deseq2’
Removed empty directory ‘MiscMetabar/bin’
Removed empty directory ‘MiscMetabar/tests/testthat/_problems’
Removed empty directory ‘MiscMetabar/tests/testthat/_snaps’
* building ‘MiscMetabar_0.16.5.9000.tar.gz’

── R CMD check ─────────────────────────────────────────────────────────────────
* using log directory ‘/tmp/RtmpKq8GXB/file2c191d1def9d/MiscMetabar.Rcheck’
* using R version 4.5.2 (2025-10-31)
* using platform: x86_64-pc-linux-gnu
* R was compiled by
    gcc (Ubuntu 13.3.0-6ubuntu2~24.04) 13.3.0
    GNU Fortran (Ubuntu 13.3.0-6ubuntu2~24.04) 13.3.0
* running under: Pop!_OS 24.04 LTS
* using session charset: UTF-8
* using options ‘--no-examples --no-tests --no-manual --ignore-vignettes --as-cran’
* checking for file ‘MiscMetabar/DESCRIPTION’ ... OK
* checking extension type ... Package
* this is package ‘MiscMetabar’ version ‘0.16.5.9000’
* package encoding: UTF-8
* checking CRAN incoming feasibility ... [12s/85s] NOTE
Maintainer: ‘Adrien Taudière <adrien.taudiere@zaclys.net>’
New submission
Package was archived on CRAN
Version contains large components (0.16.5.9000)
CRAN repository db overrides:
  X-CRAN-Comment: Archived on 2026-05-19 as issues were not corrected
    in time.
Size of tarball: 5372453 bytes
* checking package namespace information ... OK
* checking package dependencies ... INFO
Depends: includes the non-default packages:
  'phyloseq', 'ggplot2', 'dada2', 'dplyr', 'purrr', 'divent'
Adding so many packages to the search path is excessive and importing
selectively is preferable.
* checking if this is a source package ... OK
* checking if there is a namespace ... OK
* checking for executable files ... OK
* checking for hidden files and directories ... NOTE
Found the following hidden files and directories:
  audits/.release-cache
These were most likely included in error. See section ‘Package
structure’ in the ‘Writing R Extensions’ manual.

CRAN-pack does not know about
  audits/.release-cache
* checking for portable file names ... OK
* checking for sufficient/correct file permissions ... OK
* checking whether package ‘MiscMetabar’ can be installed ... [28s/28s] OK
* checking installed package size ... OK
* checking package directory ... OK
* checking for future file timestamps ... NOTE
unable to verify current time
* checking DESCRIPTION meta-information ... OK
* checking top-level files ... NOTE
Non-standard file/directory found at top level:
  ‘audits’
* checking for left-over files ... OK
* checking index information ... OK
* checking package subdirectories ... OK
* checking code files for non-ASCII characters ... OK
* checking R files for syntax errors ... OK
* checking whether the package can be loaded ... OK
* checking whether the package can be loaded with stated dependencies ... OK
* checking whether the package can be unloaded cleanly ... OK
* checking whether the namespace can be loaded with stated dependencies ... OK
* checking whether the namespace can be unloaded cleanly ... OK
* checking loading without being on the library search path ... OK
* checking use of S3 registration ... OK
* checking dependencies in R code ... NOTE
Namespace in Imports field not imported from: ‘XVector’
  All declared Imports should be used.
* checking S3 generic/method consistency ... OK
* checking replacement functions ... OK
* checking foreign function calls ... OK
* checking R code for possible problems ... [40s/40s] OK
* checking Rd files ... OK
* checking Rd metadata ... OK
* checking Rd line widths ... OK
* checking Rd cross-references ... OK
* checking for missing documentation entries ... OK
* checking for code/documentation mismatches ... OK
* checking Rd \usage sections ... OK
* checking Rd contents ... OK
* checking for unstated dependencies in examples ... OK
* checking contents of ‘data’ directory ... OK
* checking data for non-ASCII characters ... OK
* checking LazyData ... OK
* checking data for ASCII and uncompressed saves ... OK
* checking installed files from ‘inst/doc’ ... OK
* checking files in ‘vignettes’ ... SKIPPED
* checking examples ... SKIPPED
* checking for unstated dependencies in ‘tests’ ... OK
* checking tests ... SKIPPED
* checking for non-standard things in the check directory ... OK
* checking for detritus in the temp directory ... OK
* DONE

Status: 5 NOTEs
See
  ‘/tmp/RtmpKq8GXB/file2c191d1def9d/MiscMetabar.Rcheck/00check.log’
for details.

--- rcmdcheck finished ---
